<?xml version="1.0" encoding="UTF-8"?>
<testsuite name="com.amazon.ata.unittesting.texttruncator.TextTruncatorTest" tests="4" skipped="0" failures="0" errors="0" timestamp="2024-09-26T16:52:12" hostname="DESKTOP-1IBGMDS" time="0.138">
  <properties/>
  <testcase name="truncateTo_stringLongerThanNumChars_shortensToDesiredLength()" classname="com.amazon.ata.unittesting.texttruncator.TextTruncatorTest" time="0.088"/>
  <testcase name="truncateTo_stringShorterThanNumChars_doesNotAppendSuffix()" classname="com.amazon.ata.unittesting.texttruncator.TextTruncatorTest" time="0.012"/>
  <testcase name="truncateTo_receivesNullString_returnsEmptyString()" classname="com.amazon.ata.unittesting.texttruncator.TextTruncatorTest" time="0.006"/>
  <testcase name="truncateTo_stringLongerThanNumChars_shortensToFirstNumChars()" classname="com.amazon.ata.unittesting.texttruncator.TextTruncatorTest" time="0.004"/>
  <system-out><![CDATA[]]></system-out>
  <system-err><![CDATA[]]></system-err>
</testsuite>
